<?xml version="1.0" encoding="UTF-8"?>
<!-- Generated by org.testng.reporters.JUnitReportReporter -->
<testsuite hostname="DESKTOP-V8HF4GQ" failures="0" tests="4" name="Api.test.UserTests" time="9.038" errors="0" timestamp="2024-08-22T17:20:54 IST" skipped="0">
  <testcase classname="Api.test.UserTests" name="testPostUser" time="3.826"/>
  <testcase classname="Api.test.UserTests" name="testGetUser" time="1.827"/>
  <testcase classname="Api.test.UserTests" name="testUpdateUser" time="1.545"/>
  <testcase classname="Api.test.UserTests" name="testDeleteUser" time="1.840"/>
</testsuite> <!-- Api.test.UserTests -->
