<?xml version="1.0" encoding="UTF-8"?>
<!-- Generated by org.testng.reporters.JUnitReportReporter -->
<testsuite hostname="DESKTOP-V8HF4GQ" failures="0" tests="6" name="Api.test.DDTests" time="12.320" errors="0" timestamp="2024-08-22T14:00:33 IST" skipped="0">
  <testcase classname="Api.test.DDTests" name="testPostUser" time="1.894"/>
  <testcase classname="Api.test.DDTests" name="testPostUser" time="1.762"/>
  <testcase classname="Api.test.DDTests" name="testPostUser" time="3.602"/>
  <testcase classname="Api.test.DDTests" name="testDeleteUserByName" time="1.531"/>
  <testcase classname="Api.test.DDTests" name="testDeleteUserByName" time="1.844"/>
  <testcase classname="Api.test.DDTests" name="testDeleteUserByName" time="1.687"/>
</testsuite> <!-- Api.test.DDTests -->
