<?xml version="1.0" encoding="UTF-8"?>
<!-- Generated by org.testng.reporters.JUnitReportReporter -->
<testsuite hostname="DESKTOP-V8HF4GQ" failures="0" tests="4" name="Api.test.UserTests2" time="10.415" errors="0" timestamp="2024-08-26T13:54:11 IST" skipped="0">
  <testcase classname="Api.test.UserTests2" name="testPostUser" time="4.006"/>
  <testcase classname="Api.test.UserTests2" name="testGetUser" time="2.271"/>
  <testcase classname="Api.test.UserTests2" name="testUpdateUser" time="1.926"/>
  <testcase classname="Api.test.UserTests2" name="testDeleteUser" time="2.212"/>
</testsuite> <!-- Api.test.UserTests2 -->
