<?xml version="1.0" encoding="UTF-8"?>
<!-- Generated by org.testng.reporters.JUnitReportReporter -->
<testsuite hostname="DESKTOP-V8HF4GQ" failures="0" tests="6" name="Api.test.DDTests" time="13.794" errors="0" timestamp="2024-08-26T14:53:30 IST" skipped="0">
  <testcase classname="Api.test.DDTests" name="testPostUser" time="1.792"/>
  <testcase classname="Api.test.DDTests" name="testPostUser" time="4.133"/>
  <testcase classname="Api.test.DDTests" name="testPostUser" time="1.841"/>
  <testcase classname="Api.test.DDTests" name="testDeleteUserByName" time="1.845"/>
  <testcase classname="Api.test.DDTests" name="testDeleteUserByName" time="2.034"/>
  <testcase classname="Api.test.DDTests" name="testDeleteUserByName" time="2.149"/>
</testsuite> <!-- Api.test.DDTests -->
