<?xml version="1.0" encoding="UTF-8"?>
<!-- Generated by org.testng.reporters.JUnitReportReporter -->
<testsuite hostname="DESKTOP-V8HF4GQ" failures="0" tests="4" name="Api.test.UserTests" time="9.204" errors="0" timestamp="2024-08-26T14:53:30 IST" skipped="0">
  <testcase classname="Api.test.UserTests" name="testPostUser" time="1.740"/>
  <testcase classname="Api.test.UserTests" name="testGetUser" time="2.535"/>
  <testcase classname="Api.test.UserTests" name="testUpdateUser" time="2.557"/>
  <testcase classname="Api.test.UserTests" name="testDeleteUser" time="2.372"/>
</testsuite> <!-- Api.test.UserTests -->
